<?xml version="1.0" encoding="UTF-8"?>
<!-- Generated by org.testng.reporters.JUnitXMLReporter -->
<testsuite ignored="0" hostname="EQ-EQ6282248" failures="0" tests="9" name="Default test" time="79.432" errors="0" timestamp="2021-02-20T10:19:51 IST">
  <testcase classname="com.test.GoogleTest" name="atest1" time="0.009"/>
  <testcase classname="com.test.GoogleTest" name="btest2" time="0.002"/>
  <testcase classname="com.test.GoogleTest" name="ctest3" time="0.002"/>
  <testcase classname="com.test.GoogleTest" name="googleLinkTest" time="2.689"/>
  <testcase classname="com.test.GoogleTest" name="googleLogoTest" time="0.149"/>
  <testcase classname="com.test.GoogleTest" name="googleTitleTest" time="0.032"/>
  <testcase classname="com.test.GoogleTest" name="test3" time="0.002"/>
  <testcase classname="com.test.GoogleTest" name="test2" time="0.002"/>
  <testcase classname="com.test.GoogleTest" name="test1" time="0.001"/>
</testsuite> <!-- Default test -->
