<?xml version="1.0" encoding="UTF-8"?>
<!-- Generated by org.testng.reporters.JUnitXMLReporter -->
<testsuite ignored="6" hostname="EQ-EQ6282248" failures="0" tests="8" name="TestNG features test" time="56.107" errors="0" timestamp="2021-02-20T10:45:52 IST">
  <testcase classname="com.test.GoogleTest" name="googleLinkTest" time="2.724"/>
  <testcase classname="com.test.GoogleTest" name="googleLogoTest" time="0.134"/>
  <testcase classname="com.test.GoogleTest" name="googleTitleTest" time="0.016"/>
  <testcase classname="com.test.GoogleTest" name="test3" time="0.001"/>
  <testcase classname="com.test.GoogleTest" name="test2" time="0.002"/>
  <testcase classname="com.test.GoogleTest" name="test1" time="0.001"/>
  <testcase classname="com.test.TestNGBasics" name="gmailTitleTest" time="0.002"/>
  <testcase classname="com.test.TestNGBasics" name="searchButtonTest" time="0.002"/>
  <testcase classname="com.test.GoogleTest" name="atest1" time="0.0">
    <ignored/>
  </testcase> <!-- atest1 -->
  <testcase classname="com.test.TestNGFeatures" name="loginTest" time="0.0">
    <ignored/>
  </testcase> <!-- loginTest -->
  <testcase classname="com.test.GoogleTest" name="btest2" time="0.0">
    <ignored/>
  </testcase> <!-- btest2 -->
  <testcase classname="com.test.GoogleTest" name="ctest3" time="0.0">
    <ignored/>
  </testcase> <!-- ctest3 -->
  <testcase classname="com.test.TestNGFeatures" name="SearchPageTest" time="0.0">
    <ignored/>
  </testcase> <!-- SearchPageTest -->
  <testcase classname="com.test.TestNGFeatures" name="HomePageTest" time="0.0">
    <ignored/>
  </testcase> <!-- HomePageTest -->
</testsuite> <!-- TestNG features test -->
